<?xml version="1.0" encoding="UTF-8"?>
<!-- Generated by org.testng.reporters.JUnitXMLReporter -->
<testsuite hostname="ria" name="FirefoxTest" tests="1" failures="0" timestamp="14 Apr 2018 18:39:18 GMT" time="57.057" errors="0">
  <testcase name="@BeforeTest initialize_parameters" time="0.0" classname="executionEngine.Driver_TestNG">
    <failure type="org.openqa.selenium.WebDriverException" message="Failed to connect to binary FirefoxBinary(C:\Program Files\Mozilla Firefox\firefox.exe) on port 7055; process output follows: 

Build info: version: &amp;apos;2.50.1&amp;apos;, revision: &amp;apos;d7fc91b&amp;apos;, time: &amp;apos;2016-01-29 19:04:49&amp;apos;
System info: host: &amp;apos;ria&amp;apos;, ip: &amp;apos;192.168.0.102&amp;apos;, os.name: &amp;apos;Windows 10&amp;apos;, os.arch: &amp;apos;amd64&amp;apos;, os.version: &amp;apos;10.0&amp;apos;, java.version: &amp;apos;1.8.0_151&amp;apos;
Driver info: driver.version: FirefoxDriver">
      <![CDATA[org.openqa.selenium.WebDriverException: Failed to connect to binary FirefoxBinary(C:\Program Files\Mozilla Firefox\firefox.exe) on port 7055; process output follows: 

Build info: version: '2.50.1', revision: 'd7fc91b', time: '2016-01-29 19:04:49'
System info: host: 'ria', ip: '192.168.0.102', os.name: 'Windows 10', os.arch: 'amd64', os.version: '10.0', java.version: '1.8.0_151'
Driver info: driver.version: FirefoxDriver
	at org.openqa.selenium.firefox.internal.NewProfileExtensionConnection.start(NewProfileExtensionConnection.java:134)
	at org.openqa.selenium.firefox.FirefoxDriver.startClient(FirefoxDriver.java:271)
	at org.openqa.selenium.remote.RemoteWebDriver.<init>(RemoteWebDriver.java:119)
	at org.openqa.selenium.firefox.FirefoxDriver.<init>(FirefoxDriver.java:218)
	at org.openqa.selenium.firefox.FirefoxDriver.<init>(FirefoxDriver.java:211)
	at org.openqa.selenium.firefox.FirefoxDriver.<init>(FirefoxDriver.java:207)
	at org.openqa.selenium.firefox.FirefoxDriver.<init>(FirefoxDriver.java:120)
	at executionEngine.Driver_TestNG.initialize_parameters(Driver_TestNG.java:90)
Caused by: org.openqa.selenium.firefox.NotConnectedException: Unable to connect to host 127.0.0.1 on port 7055 after 45000 ms. Firefox console output:

	at org.openqa.selenium.firefox.internal.NewProfileExtensionConnection.start(NewProfileExtensionConnection.java:122)
	... 29 more
... Removed 22 stack frames]]>
    </failure>
  </testcase> <!-- @BeforeTest initialize_parameters -->
  <testcase name="executeTestCases" time="0.006" classname="executionEngine.Driver_TestNG">
    <skipped/>
  </testcase> <!-- executeTestCases -->
</testsuite> <!-- FirefoxTest -->
